TN:
SF:D:\website\virtual-dom\src\element\index.js
FN:11,(anonymous_0)
FN:23,(anonymous_1)
FN:34,(anonymous_2)
FN:41,(anonymous_3)
FN:54,el
FNF:5
FNH:5
FNDA:207,(anonymous_0)
FNDA:274,(anonymous_1)
FNDA:88,(anonymous_2)
FNDA:130,(anonymous_3)
FNDA:207,el
DA:12,207
DA:13,207
DA:14,63
DA:17,144
DA:18,144
DA:20,207
DA:22,207
DA:23,207
DA:24,274
DA:25,165
DA:28,109
DA:31,207
DA:35,88
DA:36,88
DA:37,65
DA:41,88
DA:42,130
DA:45,130
DA:47,88
DA:55,207
LF:20
LH:20
BRDA:11,0,0,0
BRDA:11,1,0,18
BRDA:11,2,0,105
BRDA:13,3,0,63
BRDA:13,3,1,144
BRDA:24,4,0,165
BRDA:24,4,1,109
BRDA:42,5,0,66
BRDA:42,5,1,64
BRF:9
BRH:8
end_of_record
TN:
SF:D:\website\virtual-dom\src\utils.js
FN:7,toArray
FN:19,isString
FNF:2
FNH:2
FNDA:315,toArray
FNDA:172,isString
DA:8,315
DA:9,306
DA:10,1
DA:12,305
DA:13,305
DA:14,386
DA:16,305
DA:20,172
LF:8
LH:8
BRDA:8,0,0,9
BRDA:8,0,1,306
BRDA:9,1,0,1
BRDA:9,1,1,305
BRF:4
BRH:4
end_of_record
TN:
SF:D:\website\virtual-dom\src\diff\index.js
FN:12,(anonymous_0)
FN:21,(anonymous_1)
FN:26,(anonymous_2)
FN:59,(anonymous_3)
FN:84,(anonymous_4)
FN:110,diff
FNF:6
FNH:6
FNDA:21,(anonymous_0)
FNDA:21,(anonymous_1)
FNDA:129,(anonymous_2)
FNDA:83,(anonymous_3)
FNDA:81,(anonymous_4)
FNDA:21,diff
DA:13,21
DA:14,0
DA:16,21
DA:17,21
DA:18,21
DA:22,21
DA:27,129
DA:28,129
DA:30,129
DA:31,41
DA:32,7
DA:39,88
DA:42,83
DA:44,83
DA:45,81
DA:49,5
DA:50,5
DA:55,129
DA:60,83
DA:61,83
DA:62,83
DA:64,83
DA:65,51
DA:66,8
DA:70,83
DA:71,54
DA:72,7
DA:75,83
DA:76,14
DA:81,83
DA:85,81
DA:86,81
DA:88,81
DA:89,81
DA:90,9
DA:96,81
DA:98,81
DA:99,110
DA:100,108
DA:101,108
DA:111,21
DA:112,21
LF:42
LH:41
BRDA:12,0,0,21
BRDA:13,1,0,0
BRDA:13,1,1,21
BRDA:30,2,0,41
BRDA:30,2,1,88
BRDA:30,3,0,129
BRDA:30,3,1,41
BRDA:31,4,0,7
BRDA:31,4,1,34
BRDA:39,5,0,83
BRDA:39,5,1,5
BRDA:39,6,0,88
BRDA:39,6,1,83
BRDA:44,7,0,81
BRDA:44,7,1,2
BRDA:44,8,0,83
BRDA:44,8,1,56
BRDA:55,9,0,129
BRDA:55,9,1,34
BRDA:60,10,0,83
BRDA:60,10,1,27
BRDA:61,11,0,83
BRDA:61,11,1,26
BRDA:65,12,0,8
BRDA:65,12,1,43
BRDA:71,13,0,7
BRDA:71,13,1,47
BRDA:75,14,0,14
BRDA:75,14,1,69
BRDA:89,15,0,9
BRDA:89,15,1,72
BRDA:99,16,0,2
BRDA:99,16,1,108
BRF:33
BRH:32
end_of_record
TN:
SF:D:\website\virtual-dom\src\patch\index.js
FN:5,(anonymous_0)
FN:10,(anonymous_1)
FN:15,(anonymous_2)
FN:23,(anonymous_3)
FN:27,(anonymous_4)
FN:40,(anonymous_5)
FN:41,(anonymous_6)
FNF:7
FNH:7
FNDA:21,(anonymous_0)
FNDA:8,(anonymous_1)
FNDA:34,(anonymous_2)
FNDA:98,(anonymous_3)
FNDA:85,(anonymous_4)
FNDA:98,(anonymous_5)
FNDA:22,(anonymous_6)
DA:6,21
DA:7,21
DA:11,8
DA:12,0
DA:16,34
DA:24,98
DA:26,98
DA:27,98
DA:28,85
DA:29,85
DA:32,98
DA:41,98
DA:42,22
DA:44,4
DA:45,4
DA:47,5
DA:48,5
DA:50,8
DA:51,8
DA:53,5
DA:54,5
DA:56,0
DA:57,0
DA:64,2
DA:65,2
DA:66,2
DA:67,2
LF:27
LH:24
BRDA:11,0,0,8
BRDA:11,0,1,0
BRDA:40,1,0,76
BRDA:42,2,0,4
BRDA:42,2,1,5
BRDA:42,2,2,8
BRDA:42,2,3,5
BRDA:42,2,4,0
BRF:8
BRH:6
end_of_record
TN:
SF:D:\website\virtual-dom\src\patch\patchUtils.js
FN:8,replaceNode
FN:20,reorderChildren
FN:25,(anonymous_2)
FN:32,(anonymous_3)
FN:55,setProps
FN:87,setText
FNF:6
FNH:6
FNDA:4,replaceNode
FNDA:5,reorderChildren
FNDA:21,(anonymous_2)
FNDA:8,(anonymous_3)
FNDA:8,setProps
FNDA:5,setText
DA:10,4
DA:11,4
DA:12,4
DA:21,5
DA:23,5
DA:25,5
DA:26,21
DA:27,21
DA:28,21
DA:32,5
DA:33,8
DA:34,8
DA:35,8
DA:36,2
DA:37,2
DA:39,6
DA:40,6
DA:43,6
DA:44,6
DA:46,0
DA:57,8
DA:58,8
DA:59,8
DA:61,6
DA:63,1
DA:64,1
DA:66,2
DA:67,2
DA:68,2
DA:71,0
DA:73,2
DA:75,3
DA:76,3
DA:88,5
DA:89,0
LF:35
LH:32
BRDA:10,0,0,0
BRDA:10,0,1,4
BRDA:26,1,0,21
BRDA:26,1,1,0
BRDA:28,2,0,19
BRDA:28,2,1,2
BRDA:35,3,0,2
BRDA:35,3,1,6
BRDA:39,4,0,6
BRDA:39,4,1,0
BRDA:40,5,0,6
BRDA:40,5,1,2
BRDA:41,6,0,2
BRDA:41,6,1,0
BRDA:59,7,0,2
BRDA:59,7,1,6
BRDA:61,8,0,1
BRDA:61,8,1,2
BRDA:61,8,2,3
BRDA:67,9,0,2
BRDA:67,9,1,0
BRDA:67,10,0,2
BRDA:67,10,1,1
BRDA:88,11,0,5
BRDA:88,11,1,0
BRF:25
BRH:19
end_of_record
